<?xml version="1.0" encoding="utf-8"?>
<TestRun id="15e73132-cb94-4662-9020-bad4cbfa0223" name="@maedamitsuhironoMacBook-Pro 2024-12-14 12:49:18" xmlns="http://microsoft.com/schemas/VisualStudio/TeamTest/2010">
  <Times creation="2024-12-14T12:49:18.4575230+09:00" queuing="2024-12-14T12:49:18.4575230+09:00" start="2024-12-14T12:49:11.2202530+09:00" finish="2024-12-14T12:49:18.4637200+09:00" />
  <TestSettings name="default" id="281913f1-dccb-47c9-97d5-8a4e6e3696e7">
    <Deployment runDeploymentRoot="_maedamitsuhironoMacBook-Pro_2024-12-14_12_49_18" />
  </TestSettings>
  <Results>
    <UnitTestResult executionId="fc1fb679-6ae0-4466-86ba-d6366396e49a" testId="8608cbea-cc27-40bd-e6bd-54d45a094be7" testName="PrivateDataServer.Test.RegisterApiTest.InputColumnTest" computerName="maedamitsuhironoMacBook-Pro" duration="00:00:05.7451873" startTime="2024-12-14T12:49:17.9849180+09:00" endTime="2024-12-14T12:49:17.9849370+09:00" testType="13cdc9d9-ddb5-4fa4-a97d-d965ccfc6d4b" outcome="Failed" testListId="8c84fa94-04c1-424b-9868-57a2d4851a1d" relativeResultsDirectory="fc1fb679-6ae0-4466-86ba-d6366396e49a">
      <Output>
        <ErrorInfo>
          <Message>Assert.Equal() Failure: Values differ
Expected: BadRequest
Actual:   InternalServerError</Message>
          <StackTrace>   at PrivateDataServer.Test.RegisterApiTest.InputColumnTest() in /Users/maedamitsuhiro/Documents/PrivateDataServer/PrivateDataServer.Test/RegisterApiTest.cs:line 93
--- End of stack trace from previous location ---</StackTrace>
        </ErrorInfo>
      </Output>
    </UnitTestResult>
  </Results>
  <TestDefinitions>
    <UnitTest name="PrivateDataServer.Test.RegisterApiTest.InputColumnTest" storage="/users/maedamitsuhiro/documents/privatedataserver/privatedataserver.test/bin/debug/net9.0/privatedataserver.test.dll" id="8608cbea-cc27-40bd-e6bd-54d45a094be7">
      <Execution id="fc1fb679-6ae0-4466-86ba-d6366396e49a" />
      <TestMethod codeBase="/Users/maedamitsuhiro/Documents/PrivateDataServer/PrivateDataServer.Test/bin/Debug/net9.0/PrivateDataServer.Test.dll" adapterTypeName="executor://xunit/VsTestRunner2/netcoreapp" className="PrivateDataServer.Test.RegisterApiTest" name="InputColumnTest" />
    </UnitTest>
  </TestDefinitions>
  <TestEntries>
    <TestEntry testId="8608cbea-cc27-40bd-e6bd-54d45a094be7" executionId="fc1fb679-6ae0-4466-86ba-d6366396e49a" testListId="8c84fa94-04c1-424b-9868-57a2d4851a1d" />
  </TestEntries>
  <TestLists>
    <TestList name="一覧に存在しない結果" id="8c84fa94-04c1-424b-9868-57a2d4851a1d" />
    <TestList name="読み込まれたすべての結果" id="19431567-8539-422a-85d7-44ee4e166bda" />
  </TestLists>
  <ResultSummary outcome="Failed">
    <Counters total="1" executed="1" passed="0" failed="1" error="0" timeout="0" aborted="0" inconclusive="0" passedButRunAborted="0" notRunnable="0" notExecuted="0" disconnected="0" warning="0" completed="0" inProgress="0" pending="0" />
    <Output>
      <StdOut>[xUnit.net 00:00:00.00] xUnit.net VSTest Adapter v2.8.2+699d445a1a (64-bit .NET 9.0.0)
[xUnit.net 00:00:00.08]   Discovering: PrivateDataServer.Test
[xUnit.net 00:00:00.11]   Discovered:  PrivateDataServer.Test
[xUnit.net 00:00:00.11]   Starting:    PrivateDataServer.Test
[testcontainers.org 00:00:00.10] Connected to Docker:
  Host: unix:///var/run/docker.sock
  Server Version: 27.4.0
  Kernel Version: 6.10.14-linuxkit
  API Version: 1.47
  Operating System: Docker Desktop
  Total Memory: 7.65 GB
  Labels: 
    com.docker.desktop.address=unix:///Users/maedamitsuhiro/Library/Containers/com.docker.docker/Data/docker-cli.sock
[testcontainers.org 00:00:00.31] Docker container 68ae340e1730 created
[testcontainers.org 00:00:00.37] Start Docker container 68ae340e1730
[testcontainers.org 00:00:01.57] Wait for Docker container 68ae340e1730 to complete readiness checks
[testcontainers.org 00:00:01.57] Docker container 68ae340e1730 ready
[testcontainers.org 00:00:01.66] Docker container 4a2c50ad7423 created
[testcontainers.org 00:00:01.69] Start Docker container 4a2c50ad7423
[testcontainers.org 00:00:01.88] Wait for Docker container 4a2c50ad7423 to complete readiness checks
[testcontainers.org 00:00:01.90] Execute "pg_isready --host localhost --dbname mydatabase --username myusername" at Docker container 4a2c50ad7423
[testcontainers.org 00:00:03.04] Execute "pg_isready --host localhost --dbname mydatabase --username myusername" at Docker container 4a2c50ad7423
[testcontainers.org 00:00:03.14] Docker container 4a2c50ad7423 ready
[12:49:15 INF] User profile is available. Using '/Users/maedamitsuhiro/.aspnet/DataProtection-Keys' as key repository; keys will not be encrypted at rest.
[12:49:15 INF] User profile is available. Using '/Users/maedamitsuhiro/.aspnet/DataProtection-Keys' as key repository; keys will not be encrypted at rest.
[12:49:15 WRN] The WebRootPath was not found: /Users/maedamitsuhiro/Documents/PrivateDataServer/PrivateDataServer/wwwroot. Static files may be unavailable.
[12:49:15 WRN] The WebRootPath was not found: /Users/maedamitsuhiro/Documents/PrivateDataServer/PrivateDataServer/wwwroot. Static files may be unavailable.
[12:49:15 INF] Request starting HTTP/1.1 POST http://localhost/api/UserManager/CreateUser - application/json; charset=utf-8 76
[12:49:15 INF] Request starting HTTP/1.1 POST http://localhost/api/UserManager/CreateUser - application/json; charset=utf-8 76
[12:49:16 WRN] Failed to determine the https port for redirect.
[12:49:16 WRN] Failed to determine the https port for redirect.
[12:49:16 INF] Executing endpoint 'PrivateDataServer.Api.UserManagerController.CreateUser (PrivateDataServer)'
[12:49:16 INF] Executing endpoint 'PrivateDataServer.Api.UserManagerController.CreateUser (PrivateDataServer)'
[12:49:16 INF] Route matched with {action = "CreateUser", controller = "UserManager"}. Executing controller action with signature System.Threading.Tasks.Task`1[Microsoft.AspNetCore.Mvc.IActionResult] CreateUser(PrivateDataServer.Module.Request.CreateUserRequest) on controller PrivateDataServer.Api.UserManagerController (PrivateDataServer).
[12:49:16 INF] Route matched with {action = "CreateUser", controller = "UserManager"}. Executing controller action with signature System.Threading.Tasks.Task`1[Microsoft.AspNetCore.Mvc.IActionResult] CreateUser(PrivateDataServer.Module.Request.CreateUserRequest) on controller PrivateDataServer.Api.UserManagerController (PrivateDataServer).
[12:49:16 ERR] Failed executing DbCommand (2ms) [Parameters=[], CommandType='Text', CommandTimeout='30']
SELECT "MigrationId", "ProductVersion"
FROM "__EFMigrationsHistory"
ORDER BY "MigrationId";
[12:49:16 ERR] Failed executing DbCommand (2ms) [Parameters=[], CommandType='Text', CommandTimeout='30']
SELECT "MigrationId", "ProductVersion"
FROM "__EFMigrationsHistory"
ORDER BY "MigrationId";
[12:49:16 INF] Acquiring an exclusive lock for migration application. See https://aka.ms/efcore-docs-migrations-lock for more information if this takes too long.
[12:49:16 INF] Acquiring an exclusive lock for migration application. See https://aka.ms/efcore-docs-migrations-lock for more information if this takes too long.
[12:49:16 INF] Applying migration '20241214013647_InitialCreate'.
[12:49:16 INF] Applying migration '20241214013647_InitialCreate'.
[12:49:17 INF] Executed DbCommand (4ms) [Parameters=[@p0='?', @p1='?' (DbType = Int32), @p2='?', @p3='?', @p4='?' (DbType = Boolean), @p5='?' (DbType = Boolean), @p6='?' (DbType = DateTime), @p7='?', @p8='?', @p9='?', @p10='?', @p11='?' (DbType = Boolean), @p12='?', @p13='?' (DbType = Boolean), @p14='?'], CommandType='Text', CommandTimeout='30']
INSERT INTO "AspNetUsers" ("Id", "AccessFailedCount", "ConcurrencyStamp", "Email", "EmailConfirmed", "LockoutEnabled", "LockoutEnd", "NormalizedEmail", "NormalizedUserName", "PasswordHash", "PhoneNumber", "PhoneNumberConfirmed", "SecurityStamp", "TwoFactorEnabled", "UserName")
VALUES (@p0, @p1, @p2, @p3, @p4, @p5, @p6, @p7, @p8, @p9, @p10, @p11, @p12, @p13, @p14);
[12:49:17 INF] Executed DbCommand (4ms) [Parameters=[@p0='?', @p1='?' (DbType = Int32), @p2='?', @p3='?', @p4='?' (DbType = Boolean), @p5='?' (DbType = Boolean), @p6='?' (DbType = DateTime), @p7='?', @p8='?', @p9='?', @p10='?', @p11='?' (DbType = Boolean), @p12='?', @p13='?' (DbType = Boolean), @p14='?'], CommandType='Text', CommandTimeout='30']
INSERT INTO "AspNetUsers" ("Id", "AccessFailedCount", "ConcurrencyStamp", "Email", "EmailConfirmed", "LockoutEnabled", "LockoutEnd", "NormalizedEmail", "NormalizedUserName", "PasswordHash", "PhoneNumber", "PhoneNumberConfirmed", "SecurityStamp", "TwoFactorEnabled", "UserName")
VALUES (@p0, @p1, @p2, @p3, @p4, @p5, @p6, @p7, @p8, @p9, @p10, @p11, @p12, @p13, @p14);
[12:49:17 INF] Executing OkObjectResult, writing value of type '&lt;&gt;f__AnonymousType0`1[[System.String, System.Private.CoreLib, Version=9.0.0.0, Culture=neutral, PublicKeyToken=7cec85d7bea7798e]]'.
[12:49:17 INF] Executing OkObjectResult, writing value of type '&lt;&gt;f__AnonymousType0`1[[System.String, System.Private.CoreLib, Version=9.0.0.0, Culture=neutral, PublicKeyToken=7cec85d7bea7798e]]'.
[12:49:17 INF] Executed action PrivateDataServer.Api.UserManagerController.CreateUser (PrivateDataServer) in 1684.3612ms
[12:49:17 INF] Executed action PrivateDataServer.Api.UserManagerController.CreateUser (PrivateDataServer) in 1684.3612ms
[12:49:17 INF] Executed endpoint 'PrivateDataServer.Api.UserManagerController.CreateUser (PrivateDataServer)'
[12:49:17 INF] Executed endpoint 'PrivateDataServer.Api.UserManagerController.CreateUser (PrivateDataServer)'
[12:49:17 INF] Request starting HTTP/1.1 POST http://localhost/api/UserManager/CreateUser - application/json; charset=utf-8 58
[12:49:17 INF] Request starting HTTP/1.1 POST http://localhost/api/UserManager/CreateUser - application/json; charset=utf-8 58
[12:49:17 INF] Request finished HTTP/1.1 POST http://localhost/api/UserManager/CreateUser - 200 null application/json; charset=utf-8 1749.976ms
[12:49:17 INF] Request finished HTTP/1.1 POST http://localhost/api/UserManager/CreateUser - 200 null application/json; charset=utf-8 1749.976ms
[12:49:17 INF] Executing endpoint 'PrivateDataServer.Api.UserManagerController.CreateUser (PrivateDataServer)'
[12:49:17 INF] Executing endpoint 'PrivateDataServer.Api.UserManagerController.CreateUser (PrivateDataServer)'
[12:49:17 INF] Route matched with {action = "CreateUser", controller = "UserManager"}. Executing controller action with signature System.Threading.Tasks.Task`1[Microsoft.AspNetCore.Mvc.IActionResult] CreateUser(PrivateDataServer.Module.Request.CreateUserRequest) on controller PrivateDataServer.Api.UserManagerController (PrivateDataServer).
[12:49:17 INF] Route matched with {action = "CreateUser", controller = "UserManager"}. Executing controller action with signature System.Threading.Tasks.Task`1[Microsoft.AspNetCore.Mvc.IActionResult] CreateUser(PrivateDataServer.Module.Request.CreateUserRequest) on controller PrivateDataServer.Api.UserManagerController (PrivateDataServer).
[12:49:17 INF] Executed DbCommand (1ms) [Parameters=[], CommandType='Text', CommandTimeout='30']
SELECT "MigrationId", "ProductVersion"
FROM "__EFMigrationsHistory"
ORDER BY "MigrationId";
[12:49:17 INF] Executed DbCommand (1ms) [Parameters=[], CommandType='Text', CommandTimeout='30']
SELECT "MigrationId", "ProductVersion"
FROM "__EFMigrationsHistory"
ORDER BY "MigrationId";
[12:49:17 INF] Executed DbCommand (2ms) [Parameters=[], CommandType='Text', CommandTimeout='30']
CREATE TABLE IF NOT EXISTS "__EFMigrationsHistory" (
    "MigrationId" character varying(150) NOT NULL,
    "ProductVersion" character varying(32) NOT NULL,
    CONSTRAINT "PK___EFMigrationsHistory" PRIMARY KEY ("MigrationId")
);
[12:49:17 INF] Executed DbCommand (2ms) [Parameters=[], CommandType='Text', CommandTimeout='30']
CREATE TABLE IF NOT EXISTS "__EFMigrationsHistory" (
    "MigrationId" character varying(150) NOT NULL,
    "ProductVersion" character varying(32) NOT NULL,
    CONSTRAINT "PK___EFMigrationsHistory" PRIMARY KEY ("MigrationId")
);
[12:49:17 INF] Acquiring an exclusive lock for migration application. See https://aka.ms/efcore-docs-migrations-lock for more information if this takes too long.
[12:49:17 INF] Acquiring an exclusive lock for migration application. See https://aka.ms/efcore-docs-migrations-lock for more information if this takes too long.
[12:49:17 INF] Executed DbCommand (1ms) [Parameters=[], CommandType='Text', CommandTimeout='30']
LOCK TABLE "__EFMigrationsHistory" IN ACCESS EXCLUSIVE MODE
[12:49:17 INF] Executed DbCommand (1ms) [Parameters=[], CommandType='Text', CommandTimeout='30']
LOCK TABLE "__EFMigrationsHistory" IN ACCESS EXCLUSIVE MODE
[12:49:17 INF] Executed DbCommand (1ms) [Parameters=[], CommandType='Text', CommandTimeout='30']
SELECT "MigrationId", "ProductVersion"
FROM "__EFMigrationsHistory"
ORDER BY "MigrationId";
[12:49:17 INF] Executed DbCommand (1ms) [Parameters=[], CommandType='Text', CommandTimeout='30']
SELECT "MigrationId", "ProductVersion"
FROM "__EFMigrationsHistory"
ORDER BY "MigrationId";
[12:49:17 INF] No migrations were applied. The database is already up to date.
[12:49:17 INF] No migrations were applied. The database is already up to date.
[12:49:17 INF] Executed DbCommand (1ms) [Parameters=[], CommandType='Text', CommandTimeout='30']
SELECT "MigrationId", "ProductVersion"
FROM "__EFMigrationsHistory"
ORDER BY "MigrationId";
[12:49:17 INF] Executed DbCommand (1ms) [Parameters=[], CommandType='Text', CommandTimeout='30']
SELECT "MigrationId", "ProductVersion"
FROM "__EFMigrationsHistory"
ORDER BY "MigrationId";
[12:49:17 INF] Executing BadRequestObjectResult, writing value of type 'System.Collections.Generic.List`1[[Microsoft.AspNetCore.Identity.IdentityError, Microsoft.Extensions.Identity.Core, Version=9.0.0.0, Culture=neutral, PublicKeyToken=adb9793829ddae60]]'.
[12:49:17 INF] Executing BadRequestObjectResult, writing value of type 'System.Collections.Generic.List`1[[Microsoft.AspNetCore.Identity.IdentityError, Microsoft.Extensions.Identity.Core, Version=9.0.0.0, Culture=neutral, PublicKeyToken=adb9793829ddae60]]'.
[12:49:17 INF] Executed action PrivateDataServer.Api.UserManagerController.CreateUser (PrivateDataServer) in 129.3967ms
[12:49:17 INF] Executed action PrivateDataServer.Api.UserManagerController.CreateUser (PrivateDataServer) in 129.3967ms
[12:49:17 INF] Executed endpoint 'PrivateDataServer.Api.UserManagerController.CreateUser (PrivateDataServer)'
[12:49:17 INF] Executed endpoint 'PrivateDataServer.Api.UserManagerController.CreateUser (PrivateDataServer)'
[12:49:17 INF] Request finished HTTP/1.1 POST http://localhost/api/UserManager/CreateUser - 400 null application/json; charset=utf-8 133.5718ms
[12:49:17 INF] Request finished HTTP/1.1 POST http://localhost/api/UserManager/CreateUser - 400 null application/json; charset=utf-8 133.5718ms
[12:49:17 INF] Request starting HTTP/1.1 POST http://localhost/api/UserManager/CreateUser - application/json; charset=utf-8 63
[12:49:17 INF] Request starting HTTP/1.1 POST http://localhost/api/UserManager/CreateUser - application/json; charset=utf-8 63
[12:49:17 INF] Executing endpoint 'PrivateDataServer.Api.UserManagerController.CreateUser (PrivateDataServer)'
[12:49:17 INF] Executing endpoint 'PrivateDataServer.Api.UserManagerController.CreateUser (PrivateDataServer)'
[12:49:17 INF] Route matched with {action = "CreateUser", controller = "UserManager"}. Executing controller action with signature System.Threading.Tasks.Task`1[Microsoft.AspNetCore.Mvc.IActionResult] CreateUser(PrivateDataServer.Module.Request.CreateUserRequest) on controller PrivateDataServer.Api.UserManagerController (PrivateDataServer).
[12:49:17 INF] Route matched with {action = "CreateUser", controller = "UserManager"}. Executing controller action with signature System.Threading.Tasks.Task`1[Microsoft.AspNetCore.Mvc.IActionResult] CreateUser(PrivateDataServer.Module.Request.CreateUserRequest) on controller PrivateDataServer.Api.UserManagerController (PrivateDataServer).
[12:49:17 INF] Executed DbCommand (1ms) [Parameters=[], CommandType='Text', CommandTimeout='30']
SELECT "MigrationId", "ProductVersion"
FROM "__EFMigrationsHistory"
ORDER BY "MigrationId";
[12:49:17 INF] Executed DbCommand (1ms) [Parameters=[], CommandType='Text', CommandTimeout='30']
SELECT "MigrationId", "ProductVersion"
FROM "__EFMigrationsHistory"
ORDER BY "MigrationId";
[12:49:17 INF] Executed DbCommand (1ms) [Parameters=[], CommandType='Text', CommandTimeout='30']
CREATE TABLE IF NOT EXISTS "__EFMigrationsHistory" (
    "MigrationId" character varying(150) NOT NULL,
    "ProductVersion" character varying(32) NOT NULL,
    CONSTRAINT "PK___EFMigrationsHistory" PRIMARY KEY ("MigrationId")
);
[12:49:17 INF] Executed DbCommand (1ms) [Parameters=[], CommandType='Text', CommandTimeout='30']
CREATE TABLE IF NOT EXISTS "__EFMigrationsHistory" (
    "MigrationId" character varying(150) NOT NULL,
    "ProductVersion" character varying(32) NOT NULL,
    CONSTRAINT "PK___EFMigrationsHistory" PRIMARY KEY ("MigrationId")
);
[12:49:17 INF] Acquiring an exclusive lock for migration application. See https://aka.ms/efcore-docs-migrations-lock for more information if this takes too long.
[12:49:17 INF] Acquiring an exclusive lock for migration application. See https://aka.ms/efcore-docs-migrations-lock for more information if this takes too long.
[12:49:17 INF] Executed DbCommand (1ms) [Parameters=[], CommandType='Text', CommandTimeout='30']
LOCK TABLE "__EFMigrationsHistory" IN ACCESS EXCLUSIVE MODE
[12:49:17 INF] Executed DbCommand (1ms) [Parameters=[], CommandType='Text', CommandTimeout='30']
LOCK TABLE "__EFMigrationsHistory" IN ACCESS EXCLUSIVE MODE
[12:49:17 INF] Executed DbCommand (1ms) [Parameters=[], CommandType='Text', CommandTimeout='30']
SELECT "MigrationId", "ProductVersion"
FROM "__EFMigrationsHistory"
ORDER BY "MigrationId";
[12:49:17 INF] Executed DbCommand (1ms) [Parameters=[], CommandType='Text', CommandTimeout='30']
SELECT "MigrationId", "ProductVersion"
FROM "__EFMigrationsHistory"
ORDER BY "MigrationId";
[12:49:17 INF] No migrations were applied. The database is already up to date.
[12:49:17 INF] No migrations were applied. The database is already up to date.
[12:49:17 INF] Executed DbCommand (1ms) [Parameters=[], CommandType='Text', CommandTimeout='30']
SELECT "MigrationId", "ProductVersion"
FROM "__EFMigrationsHistory"
ORDER BY "MigrationId";
[12:49:17 INF] Executed DbCommand (1ms) [Parameters=[], CommandType='Text', CommandTimeout='30']
SELECT "MigrationId", "ProductVersion"
FROM "__EFMigrationsHistory"
ORDER BY "MigrationId";
[12:49:17 INF] Executed action PrivateDataServer.Api.UserManagerController.CreateUser (PrivateDataServer) in 86.2249ms
[12:49:17 INF] Executed action PrivateDataServer.Api.UserManagerController.CreateUser (PrivateDataServer) in 86.2249ms
[12:49:17 INF] Executed endpoint 'PrivateDataServer.Api.UserManagerController.CreateUser (PrivateDataServer)'
[12:49:17 INF] Executed endpoint 'PrivateDataServer.Api.UserManagerController.CreateUser (PrivateDataServer)'
[12:49:17 ERR] An unhandled exception has occurred while executing the request.
System.ArgumentNullException: Value cannot be null. (Parameter 'password')
   at System.ArgumentNullException.Throw(String paramName)
   at System.ArgumentNullException.ThrowIfNull(Object argument, String paramName)
   at Microsoft.AspNetCore.Identity.UserManager`1.CreateAsync(TUser user, String password)
   at UserManagerService.CreateUserAsync(CreateUserRequest request) in /Users/maedamitsuhiro/Documents/PrivateDataServer/PrivateDataServer/Module/UserModule/UserManagerService.cs:line 18
   at PrivateDataServer.Api.UserManagerController.CreateUser(CreateUserRequest request) in /Users/maedamitsuhiro/Documents/PrivateDataServer/PrivateDataServer/Api/UserManagerController.cs:line 26
   at Microsoft.AspNetCore.Mvc.Infrastructure.ActionMethodExecutor.TaskOfIActionResultExecutor.Execute(ActionContext actionContext, IActionResultTypeMapper mapper, ObjectMethodExecutor executor, Object controller, Object[] arguments)
   at Microsoft.AspNetCore.Mvc.Infrastructure.ControllerActionInvoker.&lt;InvokeActionMethodAsync&gt;g__Awaited|12_0(ControllerActionInvoker invoker, ValueTask`1 actionResultValueTask)
   at Microsoft.AspNetCore.Mvc.Infrastructure.ControllerActionInvoker.&lt;InvokeNextActionFilterAsync&gt;g__Awaited|10_0(ControllerActionInvoker invoker, Task lastTask, State next, Scope scope, Object state, Boolean isCompleted)
   at Microsoft.AspNetCore.Mvc.Infrastructure.ControllerActionInvoker.Rethrow(ActionExecutedContextSealed context)
   at Microsoft.AspNetCore.Mvc.Infrastructure.ControllerActionInvoker.Next(State&amp; next, Scope&amp; scope, Object&amp; state, Boolean&amp; isCompleted)
   at Microsoft.AspNetCore.Mvc.Infrastructure.ControllerActionInvoker.InvokeInnerFilterAsync()
--- End of stack trace from previous location ---
   at Microsoft.AspNetCore.Mvc.Infrastructure.ResourceInvoker.&lt;InvokeFilterPipelineAsync&gt;g__Awaited|20_0(ResourceInvoker invoker, Task lastTask, State next, Scope scope, Object state, Boolean isCompleted)
   at Microsoft.AspNetCore.Mvc.Infrastructure.ResourceInvoker.&lt;InvokeAsync&gt;g__Logged|17_1(ResourceInvoker invoker)
   at Microsoft.AspNetCore.Mvc.Infrastructure.ResourceInvoker.&lt;InvokeAsync&gt;g__Logged|17_1(ResourceInvoker invoker)
   at Microsoft.AspNetCore.Routing.EndpointMiddleware.&lt;Invoke&gt;g__AwaitRequestTask|7_0(Endpoint endpoint, Task requestTask, ILogger logger)
   at Microsoft.AspNetCore.Authorization.AuthorizationMiddleware.Invoke(HttpContext context)
   at Microsoft.AspNetCore.Authentication.AuthenticationMiddleware.Invoke(HttpContext context)
   at Swashbuckle.AspNetCore.SwaggerUI.SwaggerUIMiddleware.Invoke(HttpContext httpContext)
   at Swashbuckle.AspNetCore.Swagger.SwaggerMiddleware.Invoke(HttpContext httpContext, ISwaggerProvider swaggerProvider)
   at Microsoft.AspNetCore.Diagnostics.DeveloperExceptionPageMiddlewareImpl.Invoke(HttpContext context)
[12:49:17 ERR] An unhandled exception has occurred while executing the request.
System.ArgumentNullException: Value cannot be null. (Parameter 'password')
   at System.ArgumentNullException.Throw(String paramName)
   at System.ArgumentNullException.ThrowIfNull(Object argument, String paramName)
   at Microsoft.AspNetCore.Identity.UserManager`1.CreateAsync(TUser user, String password)
   at UserManagerService.CreateUserAsync(CreateUserRequest request) in /Users/maedamitsuhiro/Documents/PrivateDataServer/PrivateDataServer/Module/UserModule/UserManagerService.cs:line 18
   at PrivateDataServer.Api.UserManagerController.CreateUser(CreateUserRequest request) in /Users/maedamitsuhiro/Documents/PrivateDataServer/PrivateDataServer/Api/UserManagerController.cs:line 26
   at Microsoft.AspNetCore.Mvc.Infrastructure.ActionMethodExecutor.TaskOfIActionResultExecutor.Execute(ActionContext actionContext, IActionResultTypeMapper mapper, ObjectMethodExecutor executor, Object controller, Object[] arguments)
   at Microsoft.AspNetCore.Mvc.Infrastructure.ControllerActionInvoker.&lt;InvokeActionMethodAsync&gt;g__Awaited|12_0(ControllerActionInvoker invoker, ValueTask`1 actionResultValueTask)
   at Microsoft.AspNetCore.Mvc.Infrastructure.ControllerActionInvoker.&lt;InvokeNextActionFilterAsync&gt;g__Awaited|10_0(ControllerActionInvoker invoker, Task lastTask, State next, Scope scope, Object state, Boolean isCompleted)
   at Microsoft.AspNetCore.Mvc.Infrastructure.ControllerActionInvoker.Rethrow(ActionExecutedContextSealed context)
   at Microsoft.AspNetCore.Mvc.Infrastructure.ControllerActionInvoker.Next(State&amp; next, Scope&amp; scope, Object&amp; state, Boolean&amp; isCompleted)
   at Microsoft.AspNetCore.Mvc.Infrastructure.ControllerActionInvoker.InvokeInnerFilterAsync()
--- End of stack trace from previous location ---
   at Microsoft.AspNetCore.Mvc.Infrastructure.ResourceInvoker.&lt;InvokeFilterPipelineAsync&gt;g__Awaited|20_0(ResourceInvoker invoker, Task lastTask, State next, Scope scope, Object state, Boolean isCompleted)
   at Microsoft.AspNetCore.Mvc.Infrastructure.ResourceInvoker.&lt;InvokeAsync&gt;g__Logged|17_1(ResourceInvoker invoker)
   at Microsoft.AspNetCore.Mvc.Infrastructure.ResourceInvoker.&lt;InvokeAsync&gt;g__Logged|17_1(ResourceInvoker invoker)
   at Microsoft.AspNetCore.Routing.EndpointMiddleware.&lt;Invoke&gt;g__AwaitRequestTask|7_0(Endpoint endpoint, Task requestTask, ILogger logger)
   at Microsoft.AspNetCore.Authorization.AuthorizationMiddleware.Invoke(HttpContext context)
   at Microsoft.AspNetCore.Authentication.AuthenticationMiddleware.Invoke(HttpContext context)
   at Swashbuckle.AspNetCore.SwaggerUI.SwaggerUIMiddleware.Invoke(HttpContext httpContext)
   at Swashbuckle.AspNetCore.Swagger.SwaggerMiddleware.Invoke(HttpContext httpContext, ISwaggerProvider swaggerProvider)
   at Microsoft.AspNetCore.Diagnostics.DeveloperExceptionPageMiddlewareImpl.Invoke(HttpContext context)
[12:49:17 INF] Request finished HTTP/1.1 POST http://localhost/api/UserManager/CreateUser - 500 null text/plain; charset=utf-8 100.048ms
[12:49:17 INF] Request finished HTTP/1.1 POST http://localhost/api/UserManager/CreateUser - 500 null text/plain; charset=utf-8 100.048ms
[xUnit.net 00:00:05.91]       Assert.Equal() Failure: Values differ
[xUnit.net 00:00:05.91]       Expected: BadRequest
[xUnit.net 00:00:05.91]       Actual:   InternalServerError
[xUnit.net 00:00:05.91]       Stack Trace:
[xUnit.net 00:00:05.91]         /Users/maedamitsuhiro/Documents/PrivateDataServer/PrivateDataServer.Test/RegisterApiTest.cs(93,0): at PrivateDataServer.Test.RegisterApiTest.InputColumnTest()
[xUnit.net 00:00:05.91]         --- End of stack trace from previous location ---
[xUnit.net 00:00:05.92]   Finished:    PrivateDataServer.Test
</StdOut>
    </Output>
    <RunInfos>
      <RunInfo computerName="maedamitsuhironoMacBook-Pro" outcome="Error" timestamp="2024-12-14T12:49:17.9825420+09:00">
        <Text>[xUnit.net 00:00:05.91]     PrivateDataServer.Test.RegisterApiTest.InputColumnTest [FAIL]</Text>
      </RunInfo>
    </RunInfos>
  </ResultSummary>
</TestRun>